<?xml version="1.0" encoding="UTF-8"?>
<!-- Generated by org.testng.reporters.JUnitReportReporter -->
<testsuite hostname="Sumaiyas-MacBook-Pro.local" failures="0" tests="1" name="project.Exercise" time="0.006" errors="0" timestamp="2021-04-15T11:29:43 IST" skipped="0">
  <testcase classname="project.Exercise" name="loginTestCase" time="0.006"/>
  <system-out/>
</testsuite> <!-- project.Exercise -->
